<?xml version="1.0" encoding="UTF-8"?>
<!-- Generated by org.testng.reporters.JUnitReportReporter -->
<testsuite hostname="DESKTOP-H49206H" failures="0" tests="1" name="SeleniumTest.OneTestCase" time="15.133" errors="0" timestamp="2025-02-26T00:05:42 IST" skipped="0">
  <testcase classname="SeleniumTest.OneTestCase" name="test" time="15.133"/>
</testsuite> <!-- SeleniumTest.OneTestCase -->
