<?xml version="1.0" encoding="UTF-8"?>
<!-- Generated by org.testng.reporters.JUnitReportReporter -->
<testsuite hostname="DESKTOP-H49206H" failures="0" tests="3" name="SeleniumTest.TestOne" time="0.041" errors="0" timestamp="2025-02-25T22:05:13 IST" skipped="0">
  <testcase classname="SeleniumTest.TestOne" name="testSubtraction" time="0.004"/>
  <testcase classname="SeleniumTest.TestOne" name="testAddition" time="0.034"/>
  <testcase classname="SeleniumTest.TestOne" name="testMultiplication" time="0.003"/>
</testsuite> <!-- SeleniumTest.TestOne -->
